-------------------------------------------------------------------------------
Test set: raflynagachi.util.repository.TodoListRepositoryImplTest
-------------------------------------------------------------------------------
Tests run: 3, Failures: 0, Errors: 2, Skipped: 0, Time elapsed: 0.227 s <<< FAILURE! - in raflynagachi.util.repository.TodoListRepositoryImplTest
testGet  Time elapsed: 0.004 s  <<< ERROR!
java.lang.RuntimeException: java.sql.SQLException: HikariDataSource HikariDataSource (HikariPool-1) has been closed.
	at raflynagachi.util.repository.TodoListRepositoryImplTest.testGet(TodoListRepositoryImplTest.java:64)
Caused by: java.sql.SQLException: HikariDataSource HikariDataSource (HikariPool-1) has been closed.
	at raflynagachi.util.repository.TodoListRepositoryImplTest.testGet(TodoListRepositoryImplTest.java:64)

testRemove  Time elapsed: 0.001 s  <<< ERROR!
java.lang.RuntimeException: java.sql.SQLException: HikariDataSource HikariDataSource (HikariPool-1) has been closed.
	at raflynagachi.util.repository.TodoListRepositoryImplTest.testRemove(TodoListRepositoryImplTest.java:52)
Caused by: java.sql.SQLException: HikariDataSource HikariDataSource (HikariPool-1) has been closed.
	at raflynagachi.util.repository.TodoListRepositoryImplTest.testRemove(TodoListRepositoryImplTest.java:52)

