<?xml version="1.0" encoding="UTF-8"?>
<testsuite xmlns:xsi="http://www.w3.org/2001/XMLSchema-instance" xsi:noNamespaceSchemaLocation="https://maven.apache.org/surefire/maven-surefire-plugin/xsd/surefire-test-report.xsd" name="raflynagachi.util.repository.TodoListRepositoryImplTest" time="0.227" tests="3" errors="2" skipped="0" failures="0">
  <properties>
[...]
</properties>
  <testcase name="testAdd" classname="raflynagachi.util.repository.TodoListRepositoryImplTest" time="0.216"/>
  <testcase name="testGet" classname="raflynagachi.util.repository.TodoListRepositoryImplTest" time="0.004">
    <error message="java.sql.SQLException: HikariDataSource HikariDataSource (HikariPool-1) has been closed." type="java.lang.RuntimeException">java.lang.RuntimeException: java.sql.SQLException: HikariDataSource HikariDataSource (HikariPool-1) has been closed.
	at raflynagachi.util.repository.TodoListRepositoryImplTest.testGet(TodoListRepositoryImplTest.java:64)
Caused by: java.sql.SQLException: HikariDataSource HikariDataSource (HikariPool-1) has been closed.
	at raflynagachi.util.repository.TodoListRepositoryImplTest.testGet(TodoListRepositoryImplTest.java:64)
</error>
  </testcase>
  <testcase name="testRemove" classname="raflynagachi.util.repository.TodoListRepositoryImplTest" time="0.001">
    <error message="java.sql.SQLException: HikariDataSource HikariDataSource (HikariPool-1) has been closed." type="java.lang.RuntimeException">java.lang.RuntimeException: java.sql.SQLException: HikariDataSource HikariDataSource (HikariPool-1) has been closed.
	at raflynagachi.util.repository.TodoListRepositoryImplTest.testRemove(TodoListRepositoryImplTest.java:52)
Caused by: java.sql.SQLException: HikariDataSource HikariDataSource (HikariPool-1) has been closed.
	at raflynagachi.util.repository.TodoListRepositoryImplTest.testRemove(TodoListRepositoryImplTest.java:52)
</error>
  </testcase>
</testsuite>